0 info it worked if it ends with ok
1 verbose cli [ '/Users/i351484/.nvm/versions/node/v6.9.0/bin/node',
1 verbose cli   '/Users/i351484/.nvm/versions/node/v6.9.0/bin/npm',
1 verbose cli   'install',
1 verbose cli   'qs' ]
2 info using npm@3.10.8
3 info using node@v6.9.0
4 silly loadCurrentTree Starting
5 silly install loadCurrentTree
6 silly install readLocalPackageData
7 silly fetchOtherPackageData qs@http://nexus.wdf.sap.corp:8081/nexus/repository/build.milestones.npm/qs/-/qs-6.5.1.tgz
8 silly cache add args [ 'qs@http://nexus.wdf.sap.corp:8081/nexus/repository/build.milestones.npm/qs/-/qs-6.5.1.tgz',
8 silly cache add   null ]
9 verbose cache add spec qs@http://nexus.wdf.sap.corp:8081/nexus/repository/build.milestones.npm/qs/-/qs-6.5.1.tgz
10 silly cache add parsed spec Result {
10 silly cache add   raw: 'qs@http://nexus.wdf.sap.corp:8081/nexus/repository/build.milestones.npm/qs/-/qs-6.5.1.tgz',
10 silly cache add   scope: null,
10 silly cache add   escapedName: 'qs',
10 silly cache add   name: 'qs',
10 silly cache add   rawSpec: 'http://nexus.wdf.sap.corp:8081/nexus/repository/build.milestones.npm/qs/-/qs-6.5.1.tgz',
10 silly cache add   spec: 'http://nexus.wdf.sap.corp:8081/nexus/repository/build.milestones.npm/qs/-/qs-6.5.1.tgz',
10 silly cache add   type: 'remote' }
11 silly mapToRegistry name qs@http://nexus.wdf.sap.corp:8081/nexus/repository/build.milestones.npm/qs/-/qs-6.5.1.tgz
12 silly mapToRegistry using default registry
13 silly mapToRegistry registry http://nexus.wdf.sap.corp:8081/nexus/content/groups/build.milestones.npm/
14 silly mapToRegistry data Result {
14 silly mapToRegistry   raw: 'qs@http://nexus.wdf.sap.corp:8081/nexus/repository/build.milestones.npm/qs/-/qs-6.5.1.tgz',
14 silly mapToRegistry   scope: null,
14 silly mapToRegistry   escapedName: 'qs',
14 silly mapToRegistry   name: 'qs',
14 silly mapToRegistry   rawSpec: 'http://nexus.wdf.sap.corp:8081/nexus/repository/build.milestones.npm/qs/-/qs-6.5.1.tgz',
14 silly mapToRegistry   spec: 'http://nexus.wdf.sap.corp:8081/nexus/repository/build.milestones.npm/qs/-/qs-6.5.1.tgz',
14 silly mapToRegistry   type: 'remote' }
15 silly mapToRegistry uri http://nexus.wdf.sap.corp:8081/nexus/repository/build.milestones.npm/qs/-/qs-6.5.1.tgz
16 verbose addRemoteTarball http://nexus.wdf.sap.corp:8081/nexus/repository/build.milestones.npm/qs/-/qs-6.5.1.tgz not in flight; adding
17 verbose addRemoteTarball [ 'http://nexus.wdf.sap.corp:8081/nexus/repository/build.milestones.npm/qs/-/qs-6.5.1.tgz',
17 verbose addRemoteTarball   null ]
18 info retry fetch attempt 1 at 10:42:59 PM
19 info attempt registry request try #1 at 10:42:59 PM
20 http fetch GET http://nexus.wdf.sap.corp:8081/nexus/repository/build.milestones.npm/qs/-/qs-6.5.1.tgz
21 verbose request id 6bd1c710098346a6
22 http fetch 200 http://nexus.wdf.sap.corp:8081/nexus/repository/build.milestones.npm/qs/-/qs-6.5.1.tgz
23 silly fetchAndShaCheck shasum 349cdf6eef89ec45c12d7d5eb3fc0c870343a6d8
24 verbose addTmpTarball /var/folders/2r/cr4ffrrj3kn061hqrk25z2sh0000gn/T/npm-21284-cceb321d/nexus.wdf.sap.corp_8081/nexus/repository/build.milestones.npm/qs/-/qs-6.5.1.tgz not in flight; adding
25 verbose correctMkdir /Users/i351484/.npm correctMkdir not in flight; initializing
26 verbose addTmpTarball validating metadata from /var/folders/2r/cr4ffrrj3kn061hqrk25z2sh0000gn/T/npm-21284-cceb321d/nexus.wdf.sap.corp_8081/nexus/repository/build.milestones.npm/qs/-/qs-6.5.1.tgz
27 verbose tar unpack /var/folders/2r/cr4ffrrj3kn061hqrk25z2sh0000gn/T/npm-21284-cceb321d/nexus.wdf.sap.corp_8081/nexus/repository/build.milestones.npm/qs/-/qs-6.5.1.tgz
28 verbose tar unpacking to /var/folders/2r/cr4ffrrj3kn061hqrk25z2sh0000gn/T/npm-21284-cceb321d/unpack-ed525083
29 silly gentlyRm /var/folders/2r/cr4ffrrj3kn061hqrk25z2sh0000gn/T/npm-21284-cceb321d/unpack-ed525083 is being purged
30 verbose gentlyRm don't care about contents; nuking /var/folders/2r/cr4ffrrj3kn061hqrk25z2sh0000gn/T/npm-21284-cceb321d/unpack-ed525083
31 silly gunzTarPerm modes [ '755', '644' ]
32 silly gunzTarPerm extractEntry package.json
33 silly gunzTarPerm extractEntry README.md
34 silly gunzTarPerm extractEntry LICENSE
35 silly gunzTarPerm extractEntry .editorconfig
36 silly gunzTarPerm extractEntry CHANGELOG.md
37 silly gunzTarPerm extractEntry .eslintignore
38 silly gunzTarPerm extractEntry .eslintrc
39 silly gunzTarPerm extractEntry dist/qs.js
40 silly gunzTarPerm extractEntry lib/formats.js
41 silly gunzTarPerm extractEntry lib/index.js
42 silly gunzTarPerm extractEntry lib/parse.js
43 silly gunzTarPerm extractEntry lib/stringify.js
44 silly gunzTarPerm extractEntry lib/utils.js
45 silly gunzTarPerm extractEntry test/index.js
46 silly gunzTarPerm extractEntry test/parse.js
47 silly gunzTarPerm extractEntry test/stringify.js
48 silly gunzTarPerm extractEntry test/utils.js
49 silly gunzTarPerm extractEntry test/.eslintrc
50 verbose correctMkdir /Users/i351484/.npm correctMkdir not in flight; initializing
51 silly cache afterAdd qs@6.5.1
52 verbose afterAdd /Users/i351484/.npm/qs/6.5.1/package/package.json not in flight; writing
53 verbose correctMkdir /Users/i351484/.npm correctMkdir not in flight; initializing
54 verbose afterAdd /Users/i351484/.npm/qs/6.5.1/package/package.json written
55 silly install normalizeTree
56 silly loadCurrentTree Finishing
57 silly loadIdealTree Starting
58 silly install loadIdealTree
59 silly cloneCurrentTree Starting
60 silly install cloneCurrentTreeToIdealTree
61 silly cloneCurrentTree Finishing
62 silly loadShrinkwrap Starting
63 silly install loadShrinkwrap
64 silly loadShrinkwrap Finishing
65 silly loadAllDepsIntoIdealTree Starting
66 silly install loadAllDepsIntoIdealTree
67 silly resolveWithNewModule qs@6.5.1 checking installable status
68 silly loadAllDepsIntoIdealTree Finishing
69 silly loadIdealTree Finishing
70 silly currentTree b2s@1.0.0
70 silly currentTree ├── abbrev@1.1.1
70 silly currentTree ├── accepts@1.3.5
70 silly currentTree ├── after@0.8.2
70 silly currentTree ├── ajv@5.5.2
70 silly currentTree ├── ansi-regex@2.1.1
70 silly currentTree ├── aproba@1.2.0
70 silly currentTree ├── are-we-there-yet@1.1.5
70 silly currentTree ├── array-find-index@1.0.2
70 silly currentTree ├── array-flatten@1.1.1
70 silly currentTree ├── asn1@0.2.4
70 silly currentTree ├── assert-plus@1.0.0
70 silly currentTree ├── async@2.6.1
70 silly currentTree ├── asynckit@0.4.0
70 silly currentTree ├── aws-sign2@0.7.0
70 silly currentTree ├── aws4@1.8.0
70 silly currentTree ├── b2s
70 silly currentTree ├── balanced-match@1.0.0
70 silly currentTree ├── base64-js@0.0.8
70 silly currentTree ├── basic-auth@2.0.0
70 silly currentTree ├── bcrypt-pbkdf@1.0.2
70 silly currentTree ├── bcryptjs@2.4.3
70 silly currentTree ├── biased-opener@0.2.8
70 silly currentTree ├── big-integer@1.6.36
70 silly currentTree ├── block-stream@0.0.9
70 silly currentTree ├── bluebird@3.5.1
70 silly currentTree ├─┬ body-parser@1.18.3
70 silly currentTree │ └── qs@6.5.2
70 silly currentTree ├── boom@2.10.1
70 silly currentTree ├── bplist-parser@0.1.1
70 silly currentTree ├── brace-expansion@1.1.11
70 silly currentTree ├─┬ browser-launcher2@0.4.6
70 silly currentTree │ └── lodash@2.4.2
70 silly currentTree ├── bson@1.0.9
70 silly currentTree ├── buffer-equal-constant-time@1.0.1
70 silly currentTree ├── buffer-shims@1.0.0
70 silly currentTree ├── builtin-modules@1.1.1
70 silly currentTree ├── bytes@3.0.0
70 silly currentTree ├── camelcase-keys@2.1.0
70 silly currentTree ├── camelcase@2.1.1
70 silly currentTree ├── camelize@1.0.0
70 silly currentTree ├── caseless@0.12.0
70 silly currentTree ├── cliui@3.2.0
70 silly currentTree ├── co@4.6.0
70 silly currentTree ├── code-point-at@1.1.0
70 silly currentTree ├── combined-stream@1.0.7
70 silly currentTree ├── compressible@2.0.15
70 silly currentTree ├─┬ compression@1.7.3
70 silly currentTree │ └── safe-buffer@5.1.2
70 silly currentTree ├── concat-map@0.0.1
70 silly currentTree ├── console-control-strings@1.1.0
70 silly currentTree ├── content-disposition@0.5.2
70 silly currentTree ├── content-security-policy-builder@2.0.0
70 silly currentTree ├── content-type@1.0.4
70 silly currentTree ├── cookie-signature@1.0.6
70 silly currentTree ├── cookie@0.3.1
70 silly currentTree ├── core-util-is@1.0.2
70 silly currentTree ├── cryptiles@2.0.5
70 silly currentTree ├── currently-unhandled@0.4.1
70 silly currentTree ├── dashdash@1.14.1
70 silly currentTree ├── dasherize@2.0.0
70 silly currentTree ├── debug@2.6.9
70 silly currentTree ├── decamelize@1.2.0
70 silly currentTree ├── deep-extend@0.6.0
70 silly currentTree ├── default-browser-id@1.0.4
70 silly currentTree ├── delayed-stream@1.0.0
70 silly currentTree ├── delegates@1.0.0
70 silly currentTree ├── depd@1.1.2
70 silly currentTree ├── destroy@1.0.4
70 silly currentTree ├── detect-libc@1.0.3
70 silly currentTree ├── dns-prefetch-control@0.1.0
70 silly currentTree ├── dont-sniff-mimetype@1.0.0
70 silly currentTree ├── ecc-jsbn@0.1.2
70 silly currentTree ├── ecdsa-sig-formatter@1.0.10
70 silly currentTree ├── ee-first@1.1.1
70 silly currentTree ├── encodeurl@1.0.2
70 silly currentTree ├── error-ex@1.3.2
70 silly currentTree ├── es6-promise@3.2.1
70 silly currentTree ├── escape-html@1.0.3
70 silly currentTree ├── etag@1.8.1
70 silly currentTree ├── expect-ct@0.1.1
70 silly currentTree ├── express-validator@5.3.0
70 silly currentTree ├─┬ express@4.16.3
70 silly currentTree │ ├── body-parser@1.18.2
70 silly currentTree │ ├── iconv-lite@0.4.19
70 silly currentTree │ ├── qs@6.5.1
70 silly currentTree │ └─┬ raw-body@2.3.2
70 silly currentTree │   ├── depd@1.1.1
70 silly currentTree │   ├── http-errors@1.6.2
70 silly currentTree │   └── setprototypeof@1.0.3
70 silly currentTree ├── extend@3.0.2
70 silly currentTree ├── extsprintf@1.3.0
70 silly currentTree ├── fast-deep-equal@1.1.0
70 silly currentTree ├── fast-json-stable-stringify@2.0.0
70 silly currentTree ├── feature-policy@0.1.0
70 silly currentTree ├── finalhandler@1.1.1
70 silly currentTree ├── find-up@1.1.2
70 silly currentTree ├── forever-agent@0.6.1
70 silly currentTree ├─┬ form-data@2.3.2
70 silly currentTree │ └── combined-stream@1.0.6
70 silly currentTree ├── forwarded@0.1.2
70 silly currentTree ├── frameguard@3.0.0
70 silly currentTree ├── fresh@0.5.2
70 silly currentTree ├── fs.realpath@1.0.0
70 silly currentTree ├── fstream-ignore@1.0.5
70 silly currentTree ├── fstream@1.0.11
70 silly currentTree ├── gauge@2.7.4
70 silly currentTree ├── get-stdin@4.0.1
70 silly currentTree ├── getpass@0.1.7
70 silly currentTree ├── glob@5.0.15
70 silly currentTree ├── graceful-fs@4.1.11
70 silly currentTree ├── har-schema@2.0.0
70 silly currentTree ├── har-validator@5.1.0
70 silly currentTree ├── has-unicode@2.0.1
70 silly currentTree ├── hawk@3.1.3
70 silly currentTree ├── headless@0.1.7
70 silly currentTree ├── helmet-crossdomain@0.3.0
70 silly currentTree ├── helmet-csp@2.7.1
70 silly currentTree ├── helmet@3.14.0
70 silly currentTree ├── hide-powered-by@1.0.0
70 silly currentTree ├── hoek@2.16.3
70 silly currentTree ├── hosted-git-info@2.7.1
70 silly currentTree ├── hpkp@2.0.0
70 silly currentTree ├── hsts@2.1.0
70 silly currentTree ├── http-errors@1.6.3
70 silly currentTree ├── http-signature@1.2.0
70 silly currentTree ├── iconv-lite@0.4.23
70 silly currentTree ├── ienoopen@1.0.0
70 silly currentTree ├── indent-string@2.1.0
70 silly currentTree ├── inflight@1.0.6
70 silly currentTree ├── inherits@2.0.3
70 silly currentTree ├── ini@1.3.5
70 silly currentTree ├── invert-kv@1.0.0
70 silly currentTree ├── ipaddr.js@1.8.0
70 silly currentTree ├── is-arrayish@0.2.1
70 silly currentTree ├── is-builtin-module@1.0.0
70 silly currentTree ├── is-finite@1.0.2
70 silly currentTree ├── is-fullwidth-code-point@1.0.0
70 silly currentTree ├── is-typedarray@1.0.0
70 silly currentTree ├── is-utf8@0.2.1
70 silly currentTree ├── isarray@1.0.0
70 silly currentTree ├── isexe@2.0.0
70 silly currentTree ├── isstream@0.1.2
70 silly currentTree ├── jsbn@0.1.1
70 silly currentTree ├── json-schema-traverse@0.3.1
70 silly currentTree ├── json-schema@0.2.3
70 silly currentTree ├── json-stable-stringify@1.0.1
70 silly currentTree ├── json-stringify-safe@5.0.1
70 silly currentTree ├── jsonify@0.0.0
70 silly currentTree ├─┬ jsonwebtoken@8.3.0
70 silly currentTree │ └── ms@2.1.1
70 silly currentTree ├── jsprim@1.4.1
70 silly currentTree ├── jwa@1.1.6
70 silly currentTree ├── jws@3.1.5
70 silly currentTree ├── kareem@2.2.1
70 silly currentTree ├── kickbox@2.0.4
70 silly currentTree ├── lcid@1.0.0
70 silly currentTree ├── load-json-file@1.1.0
70 silly currentTree ├── lodash.get@4.4.2
70 silly currentTree ├── lodash.includes@4.3.0
70 silly currentTree ├── lodash.isboolean@3.0.3
70 silly currentTree ├── lodash.isinteger@4.0.4
70 silly currentTree ├── lodash.isnumber@3.0.3
70 silly currentTree ├── lodash.isplainobject@4.0.6
70 silly currentTree ├── lodash.isstring@4.0.1
70 silly currentTree ├── lodash.once@4.1.1
70 silly currentTree ├── lodash@4.17.11
70 silly currentTree ├── loud-rejection@1.6.0
70 silly currentTree ├── map-obj@1.0.1
70 silly currentTree ├── media-typer@0.3.0
70 silly currentTree ├── memory-pager@1.1.0
70 silly currentTree ├── meow@3.7.0
70 silly currentTree ├── merge-descriptors@1.0.1
70 silly currentTree ├── methods@1.1.2
70 silly currentTree ├── mime-db@1.36.0
70 silly currentTree ├── mime-types@2.1.20
70 silly currentTree ├── mime@1.4.1
70 silly currentTree ├── minimatch@3.0.4
70 silly currentTree ├── minimist@1.2.0
70 silly currentTree ├─┬ mkdirp@0.5.1
70 silly currentTree │ └── minimist@0.0.8
70 silly currentTree ├─┬ mongodb-core@3.1.3
70 silly currentTree │ ├── bson@1.1.0
70 silly currentTree │ └── safe-buffer@5.1.2
70 silly currentTree ├─┬ mongodb@2.2.36
70 silly currentTree │ └── mongodb-core@2.1.20
70 silly currentTree ├── mongoose-legacy-pluralize@1.0.2
70 silly currentTree ├─┬ mongoose@5.2.15
70 silly currentTree │ ├── mongodb@3.1.4
70 silly currentTree │ └── safe-buffer@5.1.2
70 silly currentTree ├── morgan@1.9.1
70 silly currentTree ├── mpath@0.5.1
70 silly currentTree ├─┬ mquery@3.2.0
70 silly currentTree │ ├── debug@3.1.0
70 silly currentTree │ └── safe-buffer@5.1.2
70 silly currentTree ├── ms@2.0.0
70 silly currentTree ├── nan@2.11.0
70 silly currentTree ├── negotiator@0.6.1
70 silly currentTree ├── nocache@2.0.0
70 silly currentTree ├─┬ node-pre-gyp@0.6.39
70 silly currentTree │ ├── ajv@4.11.8
70 silly currentTree │ ├── assert-plus@0.2.0
70 silly currentTree │ ├── aws-sign2@0.6.0
70 silly currentTree │ ├── form-data@2.1.4
70 silly currentTree │ ├── glob@7.1.3
70 silly currentTree │ ├── har-schema@1.0.5
70 silly currentTree │ ├── har-validator@4.2.1
70 silly currentTree │ ├── http-signature@1.1.1
70 silly currentTree │ ├── oauth-sign@0.8.2
70 silly currentTree │ ├── performance-now@0.2.0
70 silly currentTree │ ├── qs@6.4.0
70 silly currentTree │ ├── request@2.81.0
70 silly currentTree │ ├── rimraf@2.6.2
70 silly currentTree │ └── tough-cookie@2.3.4
70 silly currentTree ├── nodemailer@4.6.8
70 silly currentTree ├── nopt@4.0.1
70 silly currentTree ├── normalize-package-data@2.4.0
70 silly currentTree ├── npmlog@4.1.2
70 silly currentTree ├── number-is-nan@1.0.1
70 silly currentTree ├── oauth-sign@0.9.0
70 silly currentTree ├── object-assign@4.1.1
70 silly currentTree ├── on-finished@2.3.0
70 silly currentTree ├── on-headers@1.0.1
70 silly currentTree ├── once@1.4.0
70 silly currentTree ├── options@0.0.6
70 silly currentTree ├── os-homedir@1.0.2
70 silly currentTree ├── os-locale@1.4.0
70 silly currentTree ├── os-tmpdir@1.0.2
70 silly currentTree ├── osenv@0.1.5
70 silly currentTree ├── parse-json@2.2.0
70 silly currentTree ├── parseurl@1.3.2
70 silly currentTree ├── path-exists@2.1.0
70 silly currentTree ├── path-is-absolute@1.0.1
70 silly currentTree ├── path-to-regexp@0.1.7
70 silly currentTree ├── path-type@1.1.0
70 silly currentTree ├── performance-now@2.1.0
70 silly currentTree ├── pify@2.3.0
70 silly currentTree ├── pinkie-promise@2.0.1
70 silly currentTree ├── pinkie@2.0.4
70 silly currentTree ├── platform@1.3.5
70 silly currentTree ├── plist@1.2.0
70 silly currentTree ├── process-nextick-args@1.0.7
70 silly currentTree ├── proxy-addr@2.0.4
70 silly currentTree ├── psl@1.1.29
70 silly currentTree ├── punycode@1.4.1
70 silly currentTree ├── qs
70 silly currentTree ├── range-parser@1.2.0
70 silly currentTree ├── raw-body@2.3.3
70 silly currentTree ├── rc@1.2.8
70 silly currentTree ├── read-pkg-up@1.0.1
70 silly currentTree ├── read-pkg@1.1.0
70 silly currentTree ├── readable-stream@2.2.7
70 silly currentTree ├── redent@1.0.0
70 silly currentTree ├── referrer-policy@1.1.0
70 silly currentTree ├── regexp-clone@0.0.1
70 silly currentTree ├── repeating@2.0.1
70 silly currentTree ├─┬ request@2.88.0
70 silly currentTree │ ├── qs@6.5.2
70 silly currentTree │ └── safe-buffer@5.1.2
70 silly currentTree ├── require_optional@1.0.1
70 silly currentTree ├── resolve-from@2.0.0
70 silly currentTree ├── rimraf@2.2.8
70 silly currentTree ├── safe-buffer@5.1.1
70 silly currentTree ├── safer-buffer@2.1.2
70 silly currentTree ├── saslprep@1.0.2
70 silly currentTree ├── semver@5.5.1
70 silly currentTree ├── send@0.16.2
70 silly currentTree ├─┬ serve-favicon@2.5.0
70 silly currentTree │ └── ms@2.1.1
70 silly currentTree ├── serve-static@1.13.2
70 silly currentTree ├── set-blocking@2.0.0
70 silly currentTree ├── setprototypeof@1.1.0
70 silly currentTree ├── signal-exit@3.0.2
70 silly currentTree ├── sliced@1.0.1
70 silly currentTree ├── sntp@1.0.9
70 silly currentTree ├── sparse-bitfield@3.0.3
70 silly currentTree ├── spdx-correct@3.0.0
70 silly currentTree ├── spdx-exceptions@2.1.0
70 silly currentTree ├── spdx-expression-parse@3.0.0
70 silly currentTree ├── spdx-license-ids@3.0.1
70 silly currentTree ├── sshpk@1.14.2
70 silly currentTree ├── statuses@1.4.0
70 silly currentTree ├── string_decoder@1.0.3
70 silly currentTree ├── string-width@1.0.2
70 silly currentTree ├── stringstream@0.0.6
70 silly currentTree ├── strip-ansi@3.0.1
70 silly currentTree ├── strip-bom@2.0.0
70 silly currentTree ├── strip-indent@1.0.1
70 silly currentTree ├── strip-json-comments@2.0.1
70 silly currentTree ├── strong-data-uri@1.0.6
70 silly currentTree ├─┬ tar-pack@3.4.1
70 silly currentTree │ ├── glob@7.1.3
70 silly currentTree │ └── rimraf@2.6.2
70 silly currentTree ├── tar@2.2.1
70 silly currentTree ├── tough-cookie@2.4.3
70 silly currentTree ├── trim-newlines@1.0.0
70 silly currentTree ├── truncate@2.0.1
70 silly currentTree ├── tunnel-agent@0.6.0
70 silly currentTree ├── tweetnacl@0.14.5
70 silly currentTree ├── type-is@1.6.16
70 silly currentTree ├── uid-number@0.0.6
70 silly currentTree ├── uid@0.0.2
70 silly currentTree ├── ultron@1.0.2
70 silly currentTree ├── unpipe@1.0.0
70 silly currentTree ├── untildify@2.1.0
70 silly currentTree ├── util-deprecate@1.0.2
70 silly currentTree ├── utils-merge@1.0.1
70 silly currentTree ├── uuid@3.3.2
70 silly currentTree ├── v8-profiler@5.7.0
70 silly currentTree ├── validate-npm-package-license@3.0.4
70 silly currentTree ├── validator@10.8.0
70 silly currentTree ├── vary@1.1.2
70 silly currentTree ├── verror@1.10.0
70 silly currentTree ├── which@1.3.1
70 silly currentTree ├── wide-align@1.1.3
70 silly currentTree ├─┬ win-detect-browsers@1.0.2
70 silly currentTree │ └── yargs@1.3.3
70 silly currentTree ├── window-size@0.1.4
70 silly currentTree ├── wrap-ansi@2.1.0
70 silly currentTree ├── wrappy@1.0.2
70 silly currentTree ├── ws@1.1.5
70 silly currentTree ├── x-default-browser@0.3.1
70 silly currentTree ├── x-xss-protection@1.1.0
70 silly currentTree ├─┬ xmlbuilder@4.0.0
70 silly currentTree │ └── lodash@3.10.1
70 silly currentTree ├── xmldom@0.1.27
70 silly currentTree ├── xtend@4.0.1
70 silly currentTree ├── y18n@3.2.1
70 silly currentTree └── yargs@3.32.0
71 silly idealTree b2s@1.0.0
71 silly idealTree ├── abbrev@1.1.1
71 silly idealTree ├── accepts@1.3.5
71 silly idealTree ├── after@0.8.2
71 silly idealTree ├── ajv@5.5.2
71 silly idealTree ├── ansi-regex@2.1.1
71 silly idealTree ├── aproba@1.2.0
71 silly idealTree ├── are-we-there-yet@1.1.5
71 silly idealTree ├── array-find-index@1.0.2
71 silly idealTree ├── array-flatten@1.1.1
71 silly idealTree ├── asn1@0.2.4
71 silly idealTree ├── assert-plus@1.0.0
71 silly idealTree ├── async@2.6.1
71 silly idealTree ├── asynckit@0.4.0
71 silly idealTree ├── aws-sign2@0.7.0
71 silly idealTree ├── aws4@1.8.0
71 silly idealTree ├── b2s
71 silly idealTree ├── balanced-match@1.0.0
71 silly idealTree ├── base64-js@0.0.8
71 silly idealTree ├── basic-auth@2.0.0
71 silly idealTree ├── bcrypt-pbkdf@1.0.2
71 silly idealTree ├── bcryptjs@2.4.3
71 silly idealTree ├── biased-opener@0.2.8
71 silly idealTree ├── big-integer@1.6.36
71 silly idealTree ├── block-stream@0.0.9
71 silly idealTree ├── bluebird@3.5.1
71 silly idealTree ├─┬ body-parser@1.18.3
71 silly idealTree │ └── qs@6.5.2
71 silly idealTree ├── boom@2.10.1
71 silly idealTree ├── bplist-parser@0.1.1
71 silly idealTree ├── brace-expansion@1.1.11
71 silly idealTree ├─┬ browser-launcher2@0.4.6
71 silly idealTree │ └── lodash@2.4.2
71 silly idealTree ├── bson@1.0.9
71 silly idealTree ├── buffer-equal-constant-time@1.0.1
71 silly idealTree ├── buffer-shims@1.0.0
71 silly idealTree ├── builtin-modules@1.1.1
71 silly idealTree ├── bytes@3.0.0
71 silly idealTree ├── camelcase-keys@2.1.0
71 silly idealTree ├── camelcase@2.1.1
71 silly idealTree ├── camelize@1.0.0
71 silly idealTree ├── caseless@0.12.0
71 silly idealTree ├── cliui@3.2.0
71 silly idealTree ├── co@4.6.0
71 silly idealTree ├── code-point-at@1.1.0
71 silly idealTree ├── combined-stream@1.0.7
71 silly idealTree ├── compressible@2.0.15
71 silly idealTree ├─┬ compression@1.7.3
71 silly idealTree │ └── safe-buffer@5.1.2
71 silly idealTree ├── concat-map@0.0.1
71 silly idealTree ├── console-control-strings@1.1.0
71 silly idealTree ├── content-disposition@0.5.2
71 silly idealTree ├── content-security-policy-builder@2.0.0
71 silly idealTree ├── content-type@1.0.4
71 silly idealTree ├── cookie-signature@1.0.6
71 silly idealTree ├── cookie@0.3.1
71 silly idealTree ├── core-util-is@1.0.2
71 silly idealTree ├── cryptiles@2.0.5
71 silly idealTree ├── currently-unhandled@0.4.1
71 silly idealTree ├── dashdash@1.14.1
71 silly idealTree ├── dasherize@2.0.0
71 silly idealTree ├── debug@2.6.9
71 silly idealTree ├── decamelize@1.2.0
71 silly idealTree ├── deep-extend@0.6.0
71 silly idealTree ├── default-browser-id@1.0.4
71 silly idealTree ├── delayed-stream@1.0.0
71 silly idealTree ├── delegates@1.0.0
71 silly idealTree ├── depd@1.1.2
71 silly idealTree ├── destroy@1.0.4
71 silly idealTree ├── detect-libc@1.0.3
71 silly idealTree ├── dns-prefetch-control@0.1.0
71 silly idealTree ├── dont-sniff-mimetype@1.0.0
71 silly idealTree ├── ecc-jsbn@0.1.2
71 silly idealTree ├── ecdsa-sig-formatter@1.0.10
71 silly idealTree ├── ee-first@1.1.1
71 silly idealTree ├── encodeurl@1.0.2
71 silly idealTree ├── error-ex@1.3.2
71 silly idealTree ├── es6-promise@3.2.1
71 silly idealTree ├── escape-html@1.0.3
71 silly idealTree ├── etag@1.8.1
71 silly idealTree ├── expect-ct@0.1.1
71 silly idealTree ├── express-validator@5.3.0
71 silly idealTree ├─┬ express@4.16.3
71 silly idealTree │ ├── body-parser@1.18.2
71 silly idealTree │ ├── iconv-lite@0.4.19
71 silly idealTree │ ├── qs@6.5.1
71 silly idealTree │ └─┬ raw-body@2.3.2
71 silly idealTree │   ├── depd@1.1.1
71 silly idealTree │   ├── http-errors@1.6.2
71 silly idealTree │   └── setprototypeof@1.0.3
71 silly idealTree ├── extend@3.0.2
71 silly idealTree ├── extsprintf@1.3.0
71 silly idealTree ├── fast-deep-equal@1.1.0
71 silly idealTree ├── fast-json-stable-stringify@2.0.0
71 silly idealTree ├── feature-policy@0.1.0
71 silly idealTree ├── finalhandler@1.1.1
71 silly idealTree ├── find-up@1.1.2
71 silly idealTree ├── forever-agent@0.6.1
71 silly idealTree ├─┬ form-data@2.3.2
71 silly idealTree │ └── combined-stream@1.0.6
71 silly idealTree ├── forwarded@0.1.2
71 silly idealTree ├── frameguard@3.0.0
71 silly idealTree ├── fresh@0.5.2
71 silly idealTree ├── fs.realpath@1.0.0
71 silly idealTree ├── fstream-ignore@1.0.5
71 silly idealTree ├── fstream@1.0.11
71 silly idealTree ├── gauge@2.7.4
71 silly idealTree ├── get-stdin@4.0.1
71 silly idealTree ├── getpass@0.1.7
71 silly idealTree ├── glob@5.0.15
71 silly idealTree ├── graceful-fs@4.1.11
71 silly idealTree ├── har-schema@2.0.0
71 silly idealTree ├── har-validator@5.1.0
71 silly idealTree ├── has-unicode@2.0.1
71 silly idealTree ├── hawk@3.1.3
71 silly idealTree ├── headless@0.1.7
71 silly idealTree ├── helmet-crossdomain@0.3.0
71 silly idealTree ├── helmet-csp@2.7.1
71 silly idealTree ├── helmet@3.14.0
71 silly idealTree ├── hide-powered-by@1.0.0
71 silly idealTree ├── hoek@2.16.3
71 silly idealTree ├── hosted-git-info@2.7.1
71 silly idealTree ├── hpkp@2.0.0
71 silly idealTree ├── hsts@2.1.0
71 silly idealTree ├── http-errors@1.6.3
71 silly idealTree ├── http-signature@1.2.0
71 silly idealTree ├── iconv-lite@0.4.23
71 silly idealTree ├── ienoopen@1.0.0
71 silly idealTree ├── indent-string@2.1.0
71 silly idealTree ├── inflight@1.0.6
71 silly idealTree ├── inherits@2.0.3
71 silly idealTree ├── ini@1.3.5
71 silly idealTree ├── invert-kv@1.0.0
71 silly idealTree ├── ipaddr.js@1.8.0
71 silly idealTree ├── is-arrayish@0.2.1
71 silly idealTree ├── is-builtin-module@1.0.0
71 silly idealTree ├── is-finite@1.0.2
71 silly idealTree ├── is-fullwidth-code-point@1.0.0
71 silly idealTree ├── is-typedarray@1.0.0
71 silly idealTree ├── is-utf8@0.2.1
71 silly idealTree ├── isarray@1.0.0
71 silly idealTree ├── isexe@2.0.0
71 silly idealTree ├── isstream@0.1.2
71 silly idealTree ├── jsbn@0.1.1
71 silly idealTree ├── json-schema-traverse@0.3.1
71 silly idealTree ├── json-schema@0.2.3
71 silly idealTree ├── json-stable-stringify@1.0.1
71 silly idealTree ├── json-stringify-safe@5.0.1
71 silly idealTree ├── jsonify@0.0.0
71 silly idealTree ├─┬ jsonwebtoken@8.3.0
71 silly idealTree │ └── ms@2.1.1
71 silly idealTree ├── jsprim@1.4.1
71 silly idealTree ├── jwa@1.1.6
71 silly idealTree ├── jws@3.1.5
71 silly idealTree ├── kareem@2.2.1
71 silly idealTree ├── kickbox@2.0.4
71 silly idealTree ├── lcid@1.0.0
71 silly idealTree ├── load-json-file@1.1.0
71 silly idealTree ├── lodash.get@4.4.2
71 silly idealTree ├── lodash.includes@4.3.0
71 silly idealTree ├── lodash.isboolean@3.0.3
71 silly idealTree ├── lodash.isinteger@4.0.4
71 silly idealTree ├── lodash.isnumber@3.0.3
71 silly idealTree ├── lodash.isplainobject@4.0.6
71 silly idealTree ├── lodash.isstring@4.0.1
71 silly idealTree ├── lodash.once@4.1.1
71 silly idealTree ├── lodash@4.17.11
71 silly idealTree ├── loud-rejection@1.6.0
71 silly idealTree ├── map-obj@1.0.1
71 silly idealTree ├── media-typer@0.3.0
71 silly idealTree ├── memory-pager@1.1.0
71 silly idealTree ├── meow@3.7.0
71 silly idealTree ├── merge-descriptors@1.0.1
71 silly idealTree ├── methods@1.1.2
71 silly idealTree ├── mime-db@1.36.0
71 silly idealTree ├── mime-types@2.1.20
71 silly idealTree ├── mime@1.4.1
71 silly idealTree ├── minimatch@3.0.4
71 silly idealTree ├── minimist@1.2.0
71 silly idealTree ├─┬ mkdirp@0.5.1
71 silly idealTree │ └── minimist@0.0.8
71 silly idealTree ├─┬ mongodb-core@3.1.3
71 silly idealTree │ ├── bson@1.1.0
71 silly idealTree │ └── safe-buffer@5.1.2
71 silly idealTree ├─┬ mongodb@2.2.36
71 silly idealTree │ └── mongodb-core@2.1.20
71 silly idealTree ├── mongoose-legacy-pluralize@1.0.2
71 silly idealTree ├─┬ mongoose@5.2.15
71 silly idealTree │ ├── mongodb@3.1.4
71 silly idealTree │ └── safe-buffer@5.1.2
71 silly idealTree ├── morgan@1.9.1
71 silly idealTree ├── mpath@0.5.1
71 silly idealTree ├─┬ mquery@3.2.0
71 silly idealTree │ ├── debug@3.1.0
71 silly idealTree │ └── safe-buffer@5.1.2
71 silly idealTree ├── ms@2.0.0
71 silly idealTree ├── nan@2.11.0
71 silly idealTree ├── negotiator@0.6.1
71 silly idealTree ├── nocache@2.0.0
71 silly idealTree ├─┬ node-pre-gyp@0.6.39
71 silly idealTree │ ├── ajv@4.11.8
71 silly idealTree │ ├── assert-plus@0.2.0
71 silly idealTree │ ├── aws-sign2@0.6.0
71 silly idealTree │ ├── form-data@2.1.4
71 silly idealTree │ ├── glob@7.1.3
71 silly idealTree │ ├── har-schema@1.0.5
71 silly idealTree │ ├── har-validator@4.2.1
71 silly idealTree │ ├── http-signature@1.1.1
71 silly idealTree │ ├── oauth-sign@0.8.2
71 silly idealTree │ ├── performance-now@0.2.0
71 silly idealTree │ ├── qs@6.4.0
71 silly idealTree │ ├── request@2.81.0
71 silly idealTree │ ├── rimraf@2.6.2
71 silly idealTree │ └── tough-cookie@2.3.4
71 silly idealTree ├── nodemailer@4.6.8
71 silly idealTree ├── nopt@4.0.1
71 silly idealTree ├── normalize-package-data@2.4.0
71 silly idealTree ├── npmlog@4.1.2
71 silly idealTree ├── number-is-nan@1.0.1
71 silly idealTree ├── oauth-sign@0.9.0
71 silly idealTree ├── object-assign@4.1.1
71 silly idealTree ├── on-finished@2.3.0
71 silly idealTree ├── on-headers@1.0.1
71 silly idealTree ├── once@1.4.0
71 silly idealTree ├── options@0.0.6
71 silly idealTree ├── os-homedir@1.0.2
71 silly idealTree ├── os-locale@1.4.0
71 silly idealTree ├── os-tmpdir@1.0.2
71 silly idealTree ├── osenv@0.1.5
71 silly idealTree ├── parse-json@2.2.0
71 silly idealTree ├── parseurl@1.3.2
71 silly idealTree ├── path-exists@2.1.0
71 silly idealTree ├── path-is-absolute@1.0.1
71 silly idealTree ├── path-to-regexp@0.1.7
71 silly idealTree ├── path-type@1.1.0
71 silly idealTree ├── performance-now@2.1.0
71 silly idealTree ├── pify@2.3.0
71 silly idealTree ├── pinkie-promise@2.0.1
71 silly idealTree ├── pinkie@2.0.4
71 silly idealTree ├── platform@1.3.5
71 silly idealTree ├── plist@1.2.0
71 silly idealTree ├── process-nextick-args@1.0.7
71 silly idealTree ├── proxy-addr@2.0.4
71 silly idealTree ├── psl@1.1.29
71 silly idealTree ├── punycode@1.4.1
71 silly idealTree ├── qs@6.5.1
71 silly idealTree ├── range-parser@1.2.0
71 silly idealTree ├── raw-body@2.3.3
71 silly idealTree ├── rc@1.2.8
71 silly idealTree ├── read-pkg-up@1.0.1
71 silly idealTree ├── read-pkg@1.1.0
71 silly idealTree ├── readable-stream@2.2.7
71 silly idealTree ├── redent@1.0.0
71 silly idealTree ├── referrer-policy@1.1.0
71 silly idealTree ├── regexp-clone@0.0.1
71 silly idealTree ├── repeating@2.0.1
71 silly idealTree ├─┬ request@2.88.0
71 silly idealTree │ ├── qs@6.5.2
71 silly idealTree │ └── safe-buffer@5.1.2
71 silly idealTree ├── require_optional@1.0.1
71 silly idealTree ├── resolve-from@2.0.0
71 silly idealTree ├── rimraf@2.2.8
71 silly idealTree ├── safe-buffer@5.1.1
71 silly idealTree ├── safer-buffer@2.1.2
71 silly idealTree ├── saslprep@1.0.2
71 silly idealTree ├── semver@5.5.1
71 silly idealTree ├── send@0.16.2
71 silly idealTree ├─┬ serve-favicon@2.5.0
71 silly idealTree │ └── ms@2.1.1
71 silly idealTree ├── serve-static@1.13.2
71 silly idealTree ├── set-blocking@2.0.0
71 silly idealTree ├── setprototypeof@1.1.0
71 silly idealTree ├── signal-exit@3.0.2
71 silly idealTree ├── sliced@1.0.1
71 silly idealTree ├── sntp@1.0.9
71 silly idealTree ├── sparse-bitfield@3.0.3
71 silly idealTree ├── spdx-correct@3.0.0
71 silly idealTree ├── spdx-exceptions@2.1.0
71 silly idealTree ├── spdx-expression-parse@3.0.0
71 silly idealTree ├── spdx-license-ids@3.0.1
71 silly idealTree ├── sshpk@1.14.2
71 silly idealTree ├── statuses@1.4.0
71 silly idealTree ├── string_decoder@1.0.3
71 silly idealTree ├── string-width@1.0.2
71 silly idealTree ├── stringstream@0.0.6
71 silly idealTree ├── strip-ansi@3.0.1
71 silly idealTree ├── strip-bom@2.0.0
71 silly idealTree ├── strip-indent@1.0.1
71 silly idealTree ├── strip-json-comments@2.0.1
71 silly idealTree ├── strong-data-uri@1.0.6
71 silly idealTree ├─┬ tar-pack@3.4.1
71 silly idealTree │ ├── glob@7.1.3
71 silly idealTree │ └── rimraf@2.6.2
71 silly idealTree ├── tar@2.2.1
71 silly idealTree ├── tough-cookie@2.4.3
71 silly idealTree ├── trim-newlines@1.0.0
71 silly idealTree ├── truncate@2.0.1
71 silly idealTree ├── tunnel-agent@0.6.0
71 silly idealTree ├── tweetnacl@0.14.5
71 silly idealTree ├── type-is@1.6.16
71 silly idealTree ├── uid-number@0.0.6
71 silly idealTree ├── uid@0.0.2
71 silly idealTree ├── ultron@1.0.2
71 silly idealTree ├── unpipe@1.0.0
71 silly idealTree ├── untildify@2.1.0
71 silly idealTree ├── util-deprecate@1.0.2
71 silly idealTree ├── utils-merge@1.0.1
71 silly idealTree ├── uuid@3.3.2
71 silly idealTree ├── v8-profiler@5.7.0
71 silly idealTree ├── validate-npm-package-license@3.0.4
71 silly idealTree ├── validator@10.8.0
71 silly idealTree ├── vary@1.1.2
71 silly idealTree ├── verror@1.10.0
71 silly idealTree ├── which@1.3.1
71 silly idealTree ├── wide-align@1.1.3
71 silly idealTree ├─┬ win-detect-browsers@1.0.2
71 silly idealTree │ └── yargs@1.3.3
71 silly idealTree ├── window-size@0.1.4
71 silly idealTree ├── wrap-ansi@2.1.0
71 silly idealTree ├── wrappy@1.0.2
71 silly idealTree ├── ws@1.1.5
71 silly idealTree ├── x-default-browser@0.3.1
71 silly idealTree ├── x-xss-protection@1.1.0
71 silly idealTree ├─┬ xmlbuilder@4.0.0
71 silly idealTree │ └── lodash@3.10.1
71 silly idealTree ├── xmldom@0.1.27
71 silly idealTree ├── xtend@4.0.1
71 silly idealTree ├── y18n@3.2.1
71 silly idealTree └── yargs@3.32.0
72 silly generateActionsToTake Starting
73 silly install generateActionsToTake
74 warn checkPermissions Missing write access to /Users/i351484/B2S/node_modules/qs
75 silly rollbackFailedOptional Starting
76 silly rollbackFailedOptional Finishing
77 silly runTopLevelLifecycles Finishing
78 silly install printInstalled
79 warn enoent ENOENT: no such file or directory, stat '/Users/i351484/B2S/node_modules/b2s'
80 verbose enoent ENOENT: no such file or directory, stat '/Users/i351484/B2S/node_modules/b2s'
80 verbose enoent This is most likely not a problem with npm itself
80 verbose enoent and is related to npm not being able to find a file.
81 verbose stack Error: ENOENT: no such file or directory, access '/Users/i351484/B2S/node_modules/qs'
81 verbose stack     at Error (native)
82 verbose cwd /Users/i351484/B2S
83 error Darwin 17.7.0
84 error argv "/Users/i351484/.nvm/versions/node/v6.9.0/bin/node" "/Users/i351484/.nvm/versions/node/v6.9.0/bin/npm" "install" "qs"
85 error node v6.9.0
86 error npm  v3.10.8
87 error path /Users/i351484/B2S/node_modules/qs
88 error code ENOENT
89 error errno -2
90 error syscall access
91 error enoent ENOENT: no such file or directory, access '/Users/i351484/B2S/node_modules/qs'
92 error enoent ENOENT: no such file or directory, access '/Users/i351484/B2S/node_modules/qs'
92 error enoent This is most likely not a problem with npm itself
92 error enoent and is related to npm not being able to find a file.
93 verbose exit [ -2, true ]
